c:\users\samue\onedrive\desktop\universidad\diseno grafico\glsl_lighting\debug\vc143.pdb
c:\users\samue\onedrive\desktop\universidad\diseno grafico\glsl_lighting\debug\vc143.idb
c:\users\samue\onedrive\desktop\universidad\diseno grafico\glsl_lighting\debug\glapplication.obj
c:\users\samue\onedrive\desktop\universidad\diseno grafico\glsl_lighting\debug\glsl.obj
c:\users\samue\onedrive\desktop\universidad\diseno grafico\glsl_lighting\debug\glutwindow.obj
c:\users\samue\onedrive\desktop\universidad\diseno grafico\glsl_lighting\debug\glwindow.obj
c:\users\samue\onedrive\desktop\universidad\diseno grafico\glsl_lighting\debug\main.obj
c:\users\samue\onedrive\desktop\universidad\diseno grafico\glsl_lighting\debug\freeglut_ext.obj
c:\users\samue\onedrive\desktop\universidad\diseno grafico\glsl_lighting\debug\freeglut_font.obj
c:\users\samue\onedrive\desktop\universidad\diseno grafico\glsl_lighting\debug\freeglut_font_data.obj
c:\users\samue\onedrive\desktop\universidad\diseno grafico\glsl_lighting\debug\freeglut_gamemode.obj
c:\users\samue\onedrive\desktop\universidad\diseno grafico\glsl_lighting\debug\freeglut_geometry.obj
c:\users\samue\onedrive\desktop\universidad\diseno grafico\glsl_lighting\debug\freeglut_glutfont_definitions.obj
c:\users\samue\onedrive\desktop\universidad\diseno grafico\glsl_lighting\debug\freeglut_init.obj
c:\users\samue\onedrive\desktop\universidad\diseno grafico\glsl_lighting\debug\freeglut_joystick.obj
c:\users\samue\onedrive\desktop\universidad\diseno grafico\glsl_lighting\debug\freeglut_main.obj
c:\users\samue\onedrive\desktop\universidad\diseno grafico\glsl_lighting\debug\freeglut_menu.obj
c:\users\samue\onedrive\desktop\universidad\diseno grafico\glsl_lighting\debug\freeglut_misc.obj
c:\users\samue\onedrive\desktop\universidad\diseno grafico\glsl_lighting\debug\freeglut_overlay.obj
c:\users\samue\onedrive\desktop\universidad\diseno grafico\glsl_lighting\debug\freeglut_state.obj
c:\users\samue\onedrive\desktop\universidad\diseno grafico\glsl_lighting\debug\freeglut_stroke_mono_roman.obj
c:\users\samue\onedrive\desktop\universidad\diseno grafico\glsl_lighting\debug\freeglut_stroke_roman.obj
c:\users\samue\onedrive\desktop\universidad\diseno grafico\glsl_lighting\debug\freeglut_structure.obj
c:\users\samue\onedrive\desktop\universidad\diseno grafico\glsl_lighting\debug\freeglut_teapot.obj
c:\users\samue\onedrive\desktop\universidad\diseno grafico\glsl_lighting\debug\freeglut_videoresize.obj
c:\users\samue\onedrive\desktop\universidad\diseno grafico\glsl_lighting\debug\freeglut_window.obj
c:\users\samue\onedrive\desktop\universidad\diseno grafico\glsl_lighting\debug\glew.obj
c:\users\samue\onedrive\desktop\universidad\diseno grafico\glsl_lighting\debug\freeglut_callbacks.obj
c:\users\samue\onedrive\desktop\universidad\diseno grafico\glsl_lighting\debug\freeglut_cursor.obj
c:\users\samue\onedrive\desktop\universidad\diseno grafico\glsl_lighting\debug\freeglut_display.obj
c:\users\samue\onedrive\desktop\universidad\diseno grafico\glsl_lighting\debug\mesh.obj
c:\users\samue\onedrive\desktop\universidad\diseno grafico\glsl_lighting\debug\templateproject.exe
c:\users\samue\onedrive\desktop\universidad\diseno grafico\glsl_lighting\debug\templateproject.ilk
c:\users\samue\onedrive\desktop\universidad\diseno grafico\glsl_lighting\debug\templateproject.pdb
c:\users\samue\onedrive\desktop\universidad\diseno grafico\glsl_lighting\debug\templateproject.tlog\cl.command.1.tlog
c:\users\samue\onedrive\desktop\universidad\diseno grafico\glsl_lighting\debug\templateproject.tlog\cl.items.tlog
c:\users\samue\onedrive\desktop\universidad\diseno grafico\glsl_lighting\debug\templateproject.tlog\cl.read.1.tlog
c:\users\samue\onedrive\desktop\universidad\diseno grafico\glsl_lighting\debug\templateproject.tlog\cl.write.1.tlog
c:\users\samue\onedrive\desktop\universidad\diseno grafico\glsl_lighting\debug\templateproject.tlog\link.command.1.tlog
c:\users\samue\onedrive\desktop\universidad\diseno grafico\glsl_lighting\debug\templateproject.tlog\link.read.1.tlog
c:\users\samue\onedrive\desktop\universidad\diseno grafico\glsl_lighting\debug\templateproject.tlog\link.write.1.tlog
